[2026-03-24 10:07:56] profile=web_server server=dev-web-01
[2026-03-24 10:14:00] profile=web_server server=dev-web-01
[2026-03-26 10:29:12] profile=web_server server=dev-web-01
[2026-03-26 10:29:12] profile=database server=dev-db-01
[2026-03-27 17:56:01] profile=web_server server=dev-web-01
[2026-03-27 17:56:01] profile=firewall_rules server=dev-web-01
[2026-03-27 17:56:01] profile=users server=dev-web-01
[2026-03-27 17:59:28] profile=web_server server=dev-web-01
[2026-03-27 18:00:14] profile=web_server server=dev-web-01
[2026-03-27 18:00:33] profile=web_server server=dev-web-01
[2026-03-27 18:00:33] profile=firewall_rules server=dev-web-01
[2026-03-27 18:00:33] profile=users server=dev-web-01
[2026-03-28 10:58:19] profile=web_server server=dev-web-01
[2026-03-28 10:58:57] profile=database server=dev-db-01
[2026-03-28 11:00:13] profile=cache server=staging-cache-01
[2026-03-28 11:06:11] profile=web_server server=dev-web-01
[2026-03-28 11:22:11] profile=database server=dev-db-01
[2026-03-28 11:22:11] profile=firewall_rules server=dev-db-01
[2026-03-28 11:22:11] profile=users server=dev-db-01
[2026-03-28 11:22:30] profile=web_server server=dev-web-01



[2026-03-29 11:35:42] profile=web_server server=dev-web-01
[2026-03-29 11:36:07] profile=database server=dev-db-01
[2026-03-29 11:38:21] profile=firewall_rules server=stg-web-01
[2026-03-29 11:39:49] profile=users server=dev-web-01
[2026-03-29 11:41:32] profile=web_server server=prod-web-01
[2026-04-14 08:21:07] [APPLY] profile=web_server server=stg-web-01
[2026-04-14 08:21:28] [APPLY] profile=database server=stg-db-01
[2026-04-14 08:22:03] [APPLY] profile=web_server server=prod-web-01
[2026-04-14 08:22:11] [CHECK] server=stg-web-01 drift=2 total=3
[2026-04-14 08:22:16] [CHECK] server=prod-web-01 drift=2 total=3
[2026-04-14 08:22:22] [CHECK] server=stg-web-01 drift=2 total=3
[2026-04-14 08:53:54] [APPLY] profile=web_server server=stg-web-01
[2026-04-14 08:54:24] [APPLY] profile=web_server server=stg-web-01
[2026-04-14 08:55:35] [APPLY] profile=database server=stg-db-01
[2026-04-14 08:56:27] [APPLY] profile=cache server=stg-web-01
[2026-04-14 08:57:04] [APPLY] profile=firewall_rules server=stg-web-01
[2026-04-14 08:57:30] [APPLY] profile=users server=stg-web-01
[2026-04-14 08:58:08] [CHECK] server=stg-web-01 drift=0 total=3
[2026-04-14 08:58:42] [CHECK] server=dev-web-01 drift=0 total=3
