[2026-03-26 10:34:10] [ERROR] [DEPLOY] stg-web-01 — health check failed
[2026-03-26 10:34:12] [ERROR] [DEPLOY] Deployment deploy_webapp_staging_20260326_103406 FAILED — rollback executed
[2026-03-26 11:30:28] [ERROR] [BACKUP] Integrity check FAILED — backup may be corrupted
[2026-03-26 11:31:54] [ERROR] [BACKUP] Integrity check FAILED — backup may be corrupted
[2026-03-26 15:04:14] [ERROR] [DEPLOY] stg-web-01 — health check failed
[2026-03-26 15:04:16] [ERROR] [DEPLOY] Deployment deploy_webapp_staging_20260326_150411 FAILED — rollback executed
[2026-03-27 17:55:37] [ERROR] [CONFIG] Usage: config apply <profile> <server>
[2026-03-28 11:02:37] [ERROR] [SYSTEM] Unknown module: '--dry-run'
[2026-03-28 11:03:24] [ERROR] [DEPLOY] No servers for: dev
[2026-03-28 11:04:33] [ERROR] [DEPLOY] No servers for: dev
[2026-03-28 11:04:39] [ERROR] [DEPLOY] No servers for: dev
[2026-03-28 11:06:06] [ERROR] [SYSTEM] Unknown module: '--dry-run'
[2026-03-28 11:11:37] [ERROR] [DEPLOY] Deployment deploy_webapp_development_20260328_111124 FAILED — rollback executed
[2026-03-29 10:26:19] [ERROR] [SECURITY] Unknown action: invalidaction. Use: scan, report



[2026-03-29 11:31:59] [ERROR] [SYSTEM] Unknown module: 'invalidmodule'
[2026-03-29 11:32:18] [ERROR] [SYSTEM] Unknown module: '--verbose'
[2026-03-29 11:32:37] [ERROR] [SYSTEM] Unknown module: '--env=production'
[2026-03-29 11:34:35] [ERROR] [SERVER] Unknown: --help. Use: list, info
[2026-03-29 11:46:10] [ERROR] [DEPLOY] No servers for: dev
[2026-03-29 11:50:01] [ERROR] [SYSTEM] Unknown module: '--dry-run'
[2026-04-14 08:11:36] [ERROR] [DEPLOY] No servers for: dev
[2026-04-14 08:12:08] [ERROR] [CONFIG] Profile not found: webserver
[2026-04-14 08:16:36] [ERROR] [CONFIG] Profile not found: webserver
[2026-04-14 08:20:13] [ERROR] [CONFIG] Profile not found: webserver
[2026-04-14 08:20:41] [ERROR] [CONFIG] Server not found: dev-web-0
