[2026-03-24 12:29:00] [WARNING] [BACKUP] sqlite3 not found — using flat file registry instead
[2026-03-24 12:29:09] [WARNING] [BACKUP] sqlite3 not found — using flat file registry instead
[2026-03-24 12:29:22] [WARNING] [BACKUP] sqlite3 not found — using flat file registry instead
[2026-03-26 10:34:10] [WARNING] [DEPLOY] ROLLBACK: restoring stg-web-01
[2026-03-26 10:34:11] [WARNING] [DEPLOY] ROLLBACK: restoring stg-web-01
[2026-03-26 11:30:19] [WARNING] [BACKUP] No checksum file found — cannot verify
[2026-03-26 11:30:28] [WARNING] [BACKUP] No checksum file found — cannot verify
[2026-03-26 11:31:35] [WARNING] [BACKUP] No checksum file found — cannot verify
[2026-03-26 11:31:54] [WARNING] [BACKUP] No checksum file found — cannot verify
[2026-03-26 15:04:14] [WARNING] [DEPLOY] ROLLBACK: restoring stg-web-01
[2026-03-26 15:04:15] [WARNING] [DEPLOY] ROLLBACK: restoring stg-web-01
[2026-03-27 15:08:18] [WARNING] [BACKUP] No previous backup found — doing full backup instead
[2026-03-27 15:08:29] [WARNING] [BACKUP] No previous backup found — doing full backup instead
[2026-03-27 15:09:47] [WARNING] [BACKUP] No checksum file found — cannot verify
[2026-03-28 11:14:15] [WARNING] [DEPLOY] TARGET IS PRODUCTION
[2026-03-28 11:16:56] [CRITICAL] [stg-web-01] Threshold exceeded: CPU=87% MEM=55% DISK=32%



[2026-03-29 11:41:22] [WARNING] [CONFIG] PRODUCTION server: prod-web-01
[2026-04-14 08:21:33] [WARNING] [CONFIG] PRODUCTION server: prod-web-01
[2026-04-14 08:21:42] [WARNING] [CONFIG] PRODUCTION server: prod-web-01
[2026-04-14 08:22:02] [WARNING] [CONFIG] PRODUCTION server: prod-web-01
[2026-04-14 17:43:59] [WARNING] [DEPLOY] TARGET IS PRODUCTION
