[2026-03-26 10:20:56] [MEDIUM] [SSH] PermitRootLogin not set — default may allow root login
[2026-03-26 10:20:56] [HIGH] [SSH] PasswordAuthentication = yes — brute force risk
[2026-03-26 10:20:56] [LOW] [SSH] SSH on default port 22 — consider changing to reduce scan noise
[2026-03-26 10:20:56] [PASS] [USERS] No accounts with empty passwords
[2026-03-26 10:20:56] [PASS] [USERS] Only root has UID 0
[2026-03-26 10:20:56] [PASS] [USERS] 1 user(s) in sudo group
[2026-03-26 10:20:56] [PASS] [NETWORK] No dangerous ports open (telnet/ftp/rpc blocked)
[2026-03-26 10:20:56] [HIGH] [NETWORK] UFW firewall is not active — run: sudo ufw enable
[2026-03-26 10:20:57] [PASS] [FILES] World-writable file count OK: 8
[2026-03-26 10:20:57] [PASS] [FILES] No hardcoded credentials found in configs/
[2026-03-26 10:20:57] [PASS] [FILES] SSH key permissions are secure
[2026-03-26 10:20:57] [PASS] [SYSTEM] Package lists updated 2 day(s) ago
[2026-03-26 10:20:57] [LOW] [SYSTEM] auditd not installed — run: sudo apt install auditd
[2026-03-26 10:20:57] [MEDIUM] [SYSTEM] fail2ban not installed — run: sudo apt install fail2ban
[2026-03-26 10:20:57] [SCAN] target=local critical=0 high=2 medium=2 low=2
[2026-03-26 10:29:35] [MEDIUM] [SSH] PermitRootLogin not set — default may allow root login
[2026-03-26 10:29:35] [HIGH] [SSH] PasswordAuthentication = yes — brute force risk
[2026-03-26 10:29:35] [LOW] [SSH] SSH on default port 22 — consider changing to reduce scan noise
[2026-03-26 10:29:35] [PASS] [USERS] No accounts with empty passwords
[2026-03-26 10:29:35] [PASS] [USERS] Only root has UID 0
[2026-03-26 10:29:35] [PASS] [USERS] 1 user(s) in sudo group
[2026-03-26 10:29:36] [PASS] [NETWORK] No dangerous ports open (telnet/ftp/rpc blocked)
[2026-03-26 10:29:36] [HIGH] [NETWORK] UFW firewall is not active — run: sudo ufw enable
[2026-03-26 10:29:36] [PASS] [FILES] World-writable file count OK: 8
[2026-03-26 10:29:36] [PASS] [FILES] No hardcoded credentials found in configs/
[2026-03-26 10:29:36] [PASS] [FILES] SSH key permissions are secure
[2026-03-26 10:29:36] [PASS] [SYSTEM] Package lists updated 2 day(s) ago
[2026-03-26 10:29:36] [LOW] [SYSTEM] auditd not installed — run: sudo apt install auditd
[2026-03-26 10:29:36] [MEDIUM] [SYSTEM] fail2ban not installed — run: sudo apt install fail2ban
[2026-03-26 10:29:36] [SCAN] target=local critical=0 high=2 medium=2 low=2
[2026-03-26 10:31:06] [MEDIUM] [SSH] PermitRootLogin not set — default may allow root login
[2026-03-26 10:31:06] [HIGH] [SSH] PasswordAuthentication = yes — brute force risk
[2026-03-26 10:31:06] [LOW] [SSH] SSH on default port 22 — consider changing to reduce scan noise
[2026-03-26 10:31:06] [PASS] [USERS] No accounts with empty passwords
[2026-03-26 10:31:06] [PASS] [USERS] Only root has UID 0
[2026-03-26 10:31:06] [PASS] [USERS] 1 user(s) in sudo group
[2026-03-26 10:31:07] [PASS] [NETWORK] No dangerous ports open (telnet/ftp/rpc blocked)
[2026-03-26 10:31:07] [HIGH] [NETWORK] UFW firewall is not active — run: sudo ufw enable
[2026-03-26 10:31:07] [PASS] [FILES] World-writable file count OK: 8
[2026-03-26 10:31:07] [PASS] [FILES] No hardcoded credentials found in configs/
[2026-03-26 10:31:07] [PASS] [FILES] SSH key permissions are secure
[2026-03-26 10:31:07] [PASS] [SYSTEM] Package lists updated 2 day(s) ago
[2026-03-26 10:31:07] [LOW] [SYSTEM] auditd not installed — run: sudo apt install auditd
[2026-03-26 10:31:07] [MEDIUM] [SYSTEM] fail2ban not installed — run: sudo apt install fail2ban
[2026-03-26 10:31:07] [SCAN] target=local critical=0 high=2 medium=2 low=2
[2026-03-28 11:17:58] [MEDIUM] [SSH] PermitRootLogin not set — default may allow root login
[2026-03-28 11:17:58] [HIGH] [SSH] PasswordAuthentication = yes — brute force risk
[2026-03-28 11:17:58] [LOW] [SSH] SSH on default port 22 — consider changing to reduce scan noise
[2026-03-28 11:17:58] [PASS] [USERS] No accounts with empty passwords
[2026-03-28 11:17:58] [PASS] [USERS] Only root has UID 0
[2026-03-28 11:17:58] [PASS] [USERS] 1 user(s) in sudo group
[2026-03-28 11:17:58] [PASS] [NETWORK] No dangerous ports open (telnet/ftp/rpc blocked)
[2026-03-28 11:17:58] [HIGH] [NETWORK] UFW firewall is not active — run: sudo ufw enable
[2026-03-28 11:17:58] [PASS] [FILES] World-writable file count OK: 8
[2026-03-28 11:17:58] [PASS] [FILES] No hardcoded credentials found in configs/
[2026-03-28 11:17:59] [PASS] [FILES] SSH key permissions are secure
[2026-03-28 11:17:59] [PASS] [SYSTEM] Package lists updated 0 day(s) ago
[2026-03-28 11:17:59] [LOW] [SYSTEM] auditd not installed — run: sudo apt install auditd
[2026-03-28 11:17:59] [MEDIUM] [SYSTEM] fail2ban not installed — run: sudo apt install fail2ban
[2026-03-28 11:17:59] [SCAN] target=localhost critical=0 high=2 medium=2 low=2
[2026-03-28 11:18:18] [MEDIUM] [SSH] PermitRootLogin not set — default may allow root login
[2026-03-28 11:18:18] [HIGH] [SSH] PasswordAuthentication = yes — brute force risk
[2026-03-28 11:18:18] [LOW] [SSH] SSH on default port 22 — consider changing to reduce scan noise
[2026-03-28 11:18:18] [PASS] [USERS] No accounts with empty passwords
[2026-03-28 11:18:18] [PASS] [USERS] Only root has UID 0
[2026-03-28 11:18:18] [PASS] [USERS] 1 user(s) in sudo group
[2026-03-28 11:18:19] [PASS] [NETWORK] No dangerous ports open (telnet/ftp/rpc blocked)
[2026-03-28 11:18:19] [HIGH] [NETWORK] UFW firewall is not active — run: sudo ufw enable
[2026-03-28 11:18:19] [PASS] [FILES] World-writable file count OK: 8
[2026-03-28 11:18:19] [PASS] [FILES] No hardcoded credentials found in configs/
[2026-03-28 11:18:20] [PASS] [FILES] SSH key permissions are secure
[2026-03-28 11:18:20] [PASS] [SYSTEM] Package lists updated 0 day(s) ago
[2026-03-28 11:18:20] [LOW] [SYSTEM] auditd not installed — run: sudo apt install auditd
[2026-03-28 11:18:20] [MEDIUM] [SYSTEM] fail2ban not installed — run: sudo apt install fail2ban
[2026-03-28 11:18:20] [SCAN] target=dev-web-01 critical=0 high=2 medium=2 low=2
[2026-03-29 10:25:41] [MEDIUM] [SSH] PermitRootLogin not set — default may allow root login
[2026-03-29 10:25:41] [HIGH] [SSH] PasswordAuthentication = yes — brute force risk
[2026-03-29 10:25:41] [LOW] [SSH] SSH on default port 22 — consider changing to reduce scan noise
[2026-03-29 10:25:41] [PASS] [USERS] No accounts with empty passwords
[2026-03-29 10:25:41] [PASS] [USERS] Only root has UID 0
[2026-03-29 10:25:41] [PASS] [USERS] 1 user(s) in sudo group
[2026-03-29 10:25:41] [PASS] [NETWORK] No dangerous ports open (telnet/ftp/rpc blocked)
[2026-03-29 10:25:41] [HIGH] [NETWORK] UFW firewall is not active — run: sudo ufw enable
[2026-03-29 10:25:41] [PASS] [FILES] World-writable file count OK: 8
[2026-03-29 10:25:41] [PASS] [FILES] No hardcoded credentials found in configs/
[2026-03-29 10:25:41] [PASS] [FILES] SSH key permissions are secure
[2026-03-29 10:25:41] [PASS] [SYSTEM] Package lists updated 0 day(s) ago
[2026-03-29 10:25:41] [LOW] [SYSTEM] auditd not installed — run: sudo apt install auditd
[2026-03-29 10:25:41] [MEDIUM] [SYSTEM] fail2ban not installed — run: sudo apt install fail2ban
[2026-03-29 10:25:41] [SCAN] target=local critical=0 high=2 medium=2 low=2



[2026-03-29 11:55:51] [MEDIUM] [SSH] PermitRootLogin not set — default may allow root login
[2026-03-29 11:55:51] [HIGH] [SSH] PasswordAuthentication = yes — brute force risk
[2026-03-29 11:55:51] [LOW] [SSH] SSH on default port 22 — consider changing to reduce scan noise
[2026-03-29 11:55:51] [PASS] [USERS] No accounts with empty passwords
[2026-03-29 11:55:51] [PASS] [USERS] Only root has UID 0
[2026-03-29 11:55:51] [PASS] [USERS] 1 user(s) in sudo group
[2026-03-29 11:55:52] [PASS] [NETWORK] No dangerous ports open (telnet/ftp/rpc blocked)
[2026-03-29 11:55:52] [HIGH] [NETWORK] UFW firewall is not active — run: sudo ufw enable
[2026-03-29 11:55:52] [PASS] [FILES] World-writable file count OK: 8
[2026-03-29 11:55:52] [PASS] [FILES] No hardcoded credentials found in configs/
[2026-03-29 11:55:52] [PASS] [FILES] SSH key permissions are secure
[2026-03-29 11:55:52] [PASS] [SYSTEM] Package lists updated 1 day(s) ago
[2026-03-29 11:55:52] [LOW] [SYSTEM] auditd not installed — run: sudo apt install auditd
[2026-03-29 11:55:52] [MEDIUM] [SYSTEM] fail2ban not installed — run: sudo apt install fail2ban
[2026-03-29 11:55:53] [SCAN] target=local critical=0 high=2 medium=2 low=2
[2026-03-29 11:56:24] [MEDIUM] [SSH] PermitRootLogin not set — default may allow root login
[2026-03-29 11:56:24] [HIGH] [SSH] PasswordAuthentication = yes — brute force risk
[2026-03-29 11:56:24] [LOW] [SSH] SSH on default port 22 — consider changing to reduce scan noise
[2026-03-29 11:56:24] [PASS] [USERS] No accounts with empty passwords
[2026-03-29 11:56:25] [PASS] [USERS] Only root has UID 0
[2026-03-29 11:56:25] [PASS] [USERS] 1 user(s) in sudo group
[2026-03-29 11:56:25] [PASS] [NETWORK] No dangerous ports open (telnet/ftp/rpc blocked)
[2026-03-29 11:56:25] [HIGH] [NETWORK] UFW firewall is not active — run: sudo ufw enable
[2026-03-29 11:56:26] [PASS] [FILES] World-writable file count OK: 8
[2026-03-29 11:56:26] [PASS] [FILES] No hardcoded credentials found in configs/
[2026-03-29 11:56:26] [PASS] [FILES] SSH key permissions are secure
[2026-03-29 11:56:26] [PASS] [SYSTEM] Package lists updated 1 day(s) ago
[2026-03-29 11:56:26] [LOW] [SYSTEM] auditd not installed — run: sudo apt install auditd
[2026-03-29 11:56:26] [MEDIUM] [SYSTEM] fail2ban not installed — run: sudo apt install fail2ban
[2026-03-29 11:56:26] [SCAN] target=local critical=0 high=2 medium=2 low=2
[2026-03-29 11:57:51] [MEDIUM] [SSH] PermitRootLogin not set — default may allow root login
[2026-03-29 11:57:51] [HIGH] [SSH] PasswordAuthentication = yes — brute force risk
[2026-03-29 11:57:51] [LOW] [SSH] SSH on default port 22 — consider changing to reduce scan noise
[2026-03-29 11:57:51] [PASS] [USERS] No accounts with empty passwords
[2026-03-29 11:57:51] [PASS] [USERS] Only root has UID 0
[2026-03-29 11:57:51] [PASS] [USERS] 1 user(s) in sudo group
[2026-03-29 11:57:52] [PASS] [NETWORK] No dangerous ports open (telnet/ftp/rpc blocked)
[2026-03-29 11:57:52] [HIGH] [NETWORK] UFW firewall is not active — run: sudo ufw enable
[2026-03-29 11:57:52] [PASS] [FILES] World-writable file count OK: 8
[2026-03-29 11:57:52] [PASS] [FILES] No hardcoded credentials found in configs/
[2026-03-29 11:57:52] [PASS] [FILES] SSH key permissions are secure
[2026-03-29 11:57:52] [PASS] [SYSTEM] Package lists updated 1 day(s) ago
[2026-03-29 11:57:52] [LOW] [SYSTEM] auditd not installed — run: sudo apt install auditd
[2026-03-29 11:57:52] [MEDIUM] [SYSTEM] fail2ban not installed — run: sudo apt install fail2ban
[2026-03-29 11:57:53] [SCAN] target=local critical=0 high=2 medium=2 low=2
[2026-03-29 11:58:10] [MEDIUM] [SSH] PermitRootLogin not set — default may allow root login
[2026-03-29 11:58:10] [HIGH] [SSH] PasswordAuthentication = yes — brute force risk
[2026-03-29 11:58:10] [LOW] [SSH] SSH on default port 22 — consider changing to reduce scan noise
[2026-03-29 11:58:10] [PASS] [USERS] No accounts with empty passwords
[2026-03-29 11:58:10] [PASS] [USERS] Only root has UID 0
[2026-03-29 11:58:10] [PASS] [USERS] 1 user(s) in sudo group
[2026-03-29 11:58:11] [PASS] [NETWORK] No dangerous ports open (telnet/ftp/rpc blocked)
[2026-03-29 11:58:11] [HIGH] [NETWORK] UFW firewall is not active — run: sudo ufw enable
[2026-03-29 11:58:11] [PASS] [FILES] World-writable file count OK: 8
[2026-03-29 11:58:11] [PASS] [FILES] No hardcoded credentials found in configs/
[2026-03-29 11:58:11] [PASS] [FILES] SSH key permissions are secure
[2026-03-29 11:58:12] [PASS] [SYSTEM] Package lists updated 1 day(s) ago
[2026-03-29 11:58:12] [LOW] [SYSTEM] auditd not installed — run: sudo apt install auditd
[2026-03-29 11:58:12] [MEDIUM] [SYSTEM] fail2ban not installed — run: sudo apt install fail2ban
[2026-03-29 11:58:12] [SCAN] target=local critical=0 high=2 medium=2 low=2
[2026-04-14 08:09:31] [MEDIUM] [SSH] PermitRootLogin not set — default may allow root login
[2026-04-14 08:09:31] [HIGH] [SSH] PasswordAuthentication = yes — brute force risk
[2026-04-14 08:09:31] [LOW] [SSH] SSH on default port 22 — consider changing to reduce scan noise
[2026-04-14 08:09:31] [PASS] [USERS] No accounts with empty passwords
[2026-04-14 08:09:31] [PASS] [USERS] Only root has UID 0
[2026-04-14 08:09:31] [PASS] [USERS] 1 user(s) in sudo group
[2026-04-14 08:09:32] [PASS] [NETWORK] No dangerous ports open (telnet/ftp/rpc blocked)
[2026-04-14 08:09:32] [HIGH] [NETWORK] UFW firewall is not active — run: sudo ufw enable
[2026-04-14 08:09:32] [PASS] [FILES] World-writable file count OK: 8
[2026-04-14 08:09:32] [PASS] [FILES] No hardcoded credentials found in configs/
[2026-04-14 08:09:32] [PASS] [FILES] SSH key permissions are secure
[2026-04-14 08:09:32] [MEDIUM] [SYSTEM] Package lists 16 days old — consider updating soon
[2026-04-14 08:09:32] [LOW] [SYSTEM] auditd not installed — run: sudo apt install auditd
[2026-04-14 08:09:32] [MEDIUM] [SYSTEM] fail2ban not installed — run: sudo apt install fail2ban
[2026-04-14 08:09:32] [SCAN] target=local critical=0 high=2 medium=3 low=2
