[2026-03-24 10:09:30] [START] id=deploy_webapp_staging_20260324_100930 app=webapp env=staging strategy=rolling
[2026-03-24 10:09:36] [SUCCESS] id=deploy_webapp_staging_20260324_100930
[2026-03-24 10:09:44] [START] id=deploy_webapp_staging_20260324_100944 app=webapp env=staging strategy=canary
[2026-03-24 10:10:01] [SUCCESS] id=deploy_webapp_staging_20260324_100944
[2026-03-24 10:12:21] [START] id=deploy_webapp_staging_20260324_101221 app=webapp env=staging strategy=blue-green
[2026-03-24 10:12:27] [SUCCESS] id=deploy_webapp_staging_20260324_101221
[2026-03-24 10:14:37] [START] id=deploy_webapp_staging_20260324_101437 app=webapp env=staging strategy=rolling
[2026-03-24 10:14:43] [SUCCESS] id=deploy_webapp_staging_20260324_101437
[2026-03-24 10:14:47] [START] id=deploy_webapp_staging_20260324_101446 app=webapp env=staging strategy=canary
[2026-03-24 10:15:03] [SUCCESS] id=deploy_webapp_staging_20260324_101446
[2026-03-26 10:29:12] [START] id=deploy_webapp_staging_20260326_102912 app=webapp env=staging strategy=rolling
[2026-03-26 10:29:18] [SUCCESS] id=deploy_webapp_staging_20260326_102912
[2026-03-26 10:29:18] [START] id=deploy_webapp_staging_20260326_102918 app=webapp env=staging strategy=canary
[2026-03-26 10:29:35] [SUCCESS] id=deploy_webapp_staging_20260326_102918
[2026-03-26 10:34:07] [START] id=deploy_webapp_staging_20260326_103406 app=webapp env=staging strategy=rolling
[2026-03-26 10:34:12] [FAILED] id=deploy_webapp_staging_20260326_103406
[2026-03-26 15:04:11] [START] id=deploy_webapp_staging_20260326_150411 app=webapp env=staging strategy=rolling
[2026-03-26 15:04:16] [FAILED] id=deploy_webapp_staging_20260326_150411
[2026-03-27 13:49:31] [START] id=deploy_webapp_staging_20260327_134931 app=webapp env=staging strategy=rolling
[2026-03-27 13:49:37] [SUCCESS] id=deploy_webapp_staging_20260327_134931
[2026-03-28 11:03:33] [START] id=deploy_webapp_staging_20260328_110332 app=webapp env=staging strategy=rolling
[2026-03-28 11:03:39] [SUCCESS] id=deploy_webapp_staging_20260328_110332
[2026-03-28 11:04:48] [START] id=deploy_webapp_staging_20260328_110447 app=webapp env=staging strategy=canary
[2026-03-28 11:05:05] [SUCCESS] id=deploy_webapp_staging_20260328_110447
[2026-03-28 11:10:51] [START] id=deploy_webapp_development_20260328_111051 app=webapp env=development strategy=rolling
[2026-03-28 11:10:54] [SUCCESS] id=deploy_webapp_development_20260328_111051
[2026-03-28 11:11:10] [START] id=deploy_webapp_development_20260328_111110 app=webapp env=development strategy=blue-green
[2026-03-28 11:11:14] [SUCCESS] id=deploy_webapp_development_20260328_111110
[2026-03-28 11:11:24] [START] id=deploy_webapp_development_20260328_111124 app=webapp env=development strategy=canary
[2026-03-28 11:11:37] [FAILED] id=deploy_webapp_development_20260328_111124
[2026-03-28 11:12:02] [START] id=deploy_webapp_development_20260328_111202 app=webapp env=development strategy=blue-green
[2026-03-28 11:12:05] [SUCCESS] id=deploy_webapp_development_20260328_111202
[2026-03-28 11:13:34] [START] id=deploy_webapp_development_20260328_111334 app=webapp env=development strategy=blue-green
[2026-03-28 11:13:38] [SUCCESS] id=deploy_webapp_development_20260328_111334
[2026-03-28 11:13:57] [START] id=deploy_webapp_staging_20260328_111357 app=webapp env=staging strategy=blue-green
[2026-03-28 11:14:03] [SUCCESS] id=deploy_webapp_staging_20260328_111357
[2026-03-28 11:14:18] [START] id=deploy_webapp_production_20260328_111415 app=webapp env=production strategy=blue-green
[2026-03-28 11:14:24] [SUCCESS] id=deploy_webapp_production_20260328_111415
[2026-03-29 11:46:26] [START] id=deploy_webapp_staging_20260329_114626 app=webapp env=staging strategy=rolling
[2026-03-29 11:46:33] [SUCCESS] id=deploy_webapp_staging_20260329_114626
[2026-03-29 11:47:24] [START] id=deploy_webapp_staging_20260329_114723 app=webapp env=staging strategy=rolling
[2026-03-29 11:47:30] [SUCCESS] id=deploy_webapp_staging_20260329_114723
[2026-03-29 11:48:18] [START] id=deploy_webapp_staging_20260329_114818 app=webapp env=staging strategy=blue-green
[2026-03-29 11:48:26] [SUCCESS] id=deploy_webapp_staging_20260329_114818
[2026-03-29 11:49:19] [START] id=deploy_webapp_staging_20260329_114918 app=webapp env=staging strategy=canary
[2026-03-29 11:49:35] [SUCCESS] id=deploy_webapp_staging_20260329_114918
